# macOS Debugging Results: SIGTRAP Analysis

Analysis of lldb output from child process crash after fork.

## lldb Stack Trace

From lines 177-216:

```
Process 20639 stopped
* thread #1, queue = 'com.apple.main-thread', stop reason = EXC_BREAKPOINT (code=1, subcode=0x19da0660c)
  * frame #0: 0x000000019da0660c libdispatch.dylib`_dispatch_sema4_create_slow.cold.6 + 36
    frame #1: 0x000000019d9d0bd4 libdispatch.dylib`_dispatch_sema4_signal + 80
    frame #2: 0x000000019d9d11d8 libdispatch.dylib`_dispatch_semaphore_signal_slow + 52
    frame #3: 0x0000000150488ce8 chromadb_rust_bindings.abi3.so`___lldb_unnamed_symbol30691 + 72
    [frames #4-21: ChromaDB Rust binding frames]
    frame #22: 0x00000001057e5210 libpython3.12.dylib`method_vectorcall_VARARGS_KEYWORDS + 148
    [frames #23-38: Python interpreter frames leading to demo_crash.py]
```

**Key Detail**: Stop reason is `EXC_BREAKPOINT`, not a normal signal - this is a hardware breakpoint exception.

### Stack Trace Analysis

**Frame #0** (line 157): `libdispatch.dylib _dispatch_sema4_create_slow.cold.6 + 36`
- Current instruction: `brk #0x1` (line 209)
- Function contains error message string visible in disassembly (line 203)

**Frames #1-2** (lines 158-159): `_dispatch_sema4_signal` → `_dispatch_semaphore_signal_slow`
- libdispatch semaphore signaling functions

**Frames #3-21** (lines 160-178): `chromadb_rust_bindings.abi3.so`
- ChromaDB Rust bindings (symbols stripped)

**Frames #22-38** (lines 179-195): Python interpreter
- Full call chain through Python to dyld

## The Error Message

From the actual disassembly of `_dispatch_sema4_create_slow.cold.6`:

```asm
libdispatch.dylib`_dispatch_sema4_create_slow.cold.6:
    0x19da065e8 <+0>:  mov    w8, #0xf                  ; =15 
    0x19da065ec <+4>:  stp    x20, x21, [sp, #-0x10]!
    0x19da065f0 <+8>:  adrp   x20, 6
    0x19da065f4 <+12>: add    x20, x20, #0x28           ; "BUG IN CLIENT OF LIBDISPATCH: Use-after-free of dispatch_semaphore_t or dispatch_group_t"
    0x19da065f8 <+16>: adrp   x21, 403405
    0x19da065fc <+20>: add    x21, x21, #0x878          ; gCRAnnotations
    0x19da06600 <+24>: str    x20, [x21, #0x8]
    0x19da06604 <+28>: str    x8, [x21, #0x38]
    0x19da06608 <+32>: ldp    x20, x21, [sp], #0x10
->  0x19da0660c <+36>: brk    #0x1
```

**Observable Facts**:
- Line `<+0>`: Loads value `0xf` (15) into w8
- Line `<+12>`: Adds offset `0x28` to form address pointing to error string
- Line `<+20>`: Forms address labeled `gCRAnnotations` 
- Line `<+24>,<+28>`: Stores values to memory (crash reporting annotations)
- Line `<+36>`: `brk #0x1` instruction where execution stops

The error message string visible in the disassembly: "BUG IN CLIENT OF LIBDISPATCH: Use-after-free of dispatch_semaphore_t or dispatch_group_t"

## Register Values

Key registers at the moment of crash:

```
x0 = 0x000000000000000f  (15 - error code)
x1 = 0x0000000000000001  (1 - semaphore count/flag)
x8 = 0x000000000000000f  (15 - error code copy)
x20 = 0x000000014c51f860  (pointer after error message setup)
x21 = 0x000000016b9ade18  (pointer after crash annotation)
pc = 0x000000019da0660c  libdispatch.dylib`_dispatch_sema4_create_slow.cold.6 + 36
lr = 0x000000019d9d0bd4  libdispatch.dylib`_dispatch_sema4_signal + 80
cpsr = 0x60001000        (ARM64 processor state)
```

From lines 211-245:
- **x0 = 0xf**, **x8 = 0xf** (lines 212, 220): Both contain value 15
- **x1 = 0x1** (line 213): Contains value 1
- **lr = 0x19d9d0bd4** (line 242): Return address points to `_dispatch_sema4_signal + 80`
- **pc = 0x19da0660c** (line 244): Current instruction at `_dispatch_sema4_create_slow.cold.6 + 36`

## What This Means

The process crashed in libdispatch while attempting to signal a semaphore:

1. **Stop reason** (line 145): `EXC_BREAKPOINT` triggered by `brk #0x1` instruction (line 209)

2. **Error message** (line 203): libdispatch error string "Use-after-free of dispatch_semaphore_t or dispatch_group_t"

3. **Call chain** (lines 156-195): Python interpreter → ChromaDB Rust bindings → libdispatch semaphore functions → error handler with `brk` instruction

4. **The crash**: libdispatch detected corrupted semaphore state and explicitly aborted via hardware breakpoint instruction, generating EXC_BREAKPOINT exception.

Full output:

```
❯ python lldb_attach_child.py
================================================================================
ATTACHING LLDB TO CHILD PROCESS
================================================================================
Started parent PID: 20626
Waiting for child process...
Found child PID via psutil: 20639

Attaching lldb to child PID 20639...
This will catch SIGTRAP when it happens.

=== LLDB OUTPUT ===
(lldb) command source -s 0 '/tmp/lldb_attach_child.txt'
Executing commands in '/tmp/lldb_attach_child.txt'.
(lldb) # Attach to the child process
(lldb) process attach --pid 20639
Process 20639 stopped
* thread #1, queue = 'com.apple.main-thread', stop reason = signal SIGSTOP
    frame #0: 0x000000019db453c8 libsystem_kernel.dylib`__semwait_signal + 8
libsystem_kernel.dylib`__semwait_signal:
->  0x19db453c8 <+8>:  b.lo   0x19db453e8               ; <+40>
    0x19db453cc <+12>: pacibsp 
    0x19db453d0 <+16>: stp    x29, x30, [sp, #-0x10]!
    0x19db453d4 <+20>: mov    x29, sp
Executable module set to "/Users/spencerpresley/.local/share/uv/python/cpython-3.12.3-macos-aarch64-none/bin/python3.12".
Architecture set to: arm64-apple-macosx-.
(lldb) # Catch SIGTRAP
(lldb) process handle SIGTRAP --stop true --notify true --pass false
NAME         PASS   STOP   NOTIFY
===========  =====  =====  ======
SIGTRAP      false  true   true 
(lldb) # Set breakpoints on signal functions
(lldb) breakpoint set -n raise
Breakpoint 1: 3 locations.
(lldb) breakpoint set -n kill
Breakpoint 2: 4 locations.
(lldb) breakpoint set -n pthread_kill
Breakpoint 3: where = libsystem_pthread.dylib`pthread_kill, address = 0x000000019db82e50
(lldb) breakpoint set -n abort
Breakpoint 4: 7 locations.
(lldb) # Continue and wait for SIGTRAP
(lldb) continue
Process 20639 resuming
Process 20639 stopped
* thread #1, queue = 'com.apple.main-thread', stop reason = EXC_BREAKPOINT (code=1, subcode=0x19da0660c)
    frame #0: 0x000000019da0660c libdispatch.dylib`_dispatch_sema4_create_slow.cold.6 + 36
libdispatch.dylib`_dispatch_sema4_create_slow.cold.6:
->  0x19da0660c <+36>: brk    #0x1

libdispatch.dylib`_dispatch_thread_event_wait_slow.cold.1:
    0x19da06610 <+0>:  mov    w8, w0
    0x19da06614 <+4>:  stp    x20, x21, [sp, #-0x10]!
    0x19da06618 <+8>:  adrp   x20, 6
(lldb) # When SIGTRAP hits, show backtrace
(lldb) bt
* thread #1, queue = 'com.apple.main-thread', stop reason = EXC_BREAKPOINT (code=1, subcode=0x19da0660c)
  * frame #0: 0x000000019da0660c libdispatch.dylib`_dispatch_sema4_create_slow.cold.6 + 36
    frame #1: 0x000000019d9d0bd4 libdispatch.dylib`_dispatch_sema4_signal + 80
    frame #2: 0x000000019d9d11d8 libdispatch.dylib`_dispatch_semaphore_signal_slow + 52
    frame #3: 0x0000000150488ce8 chromadb_rust_bindings.abi3.so`___lldb_unnamed_symbol30691 + 72
    frame #4: 0x0000000150abe61c chromadb_rust_bindings.abi3.so`___lldb_unnamed_symbol45477 + 872
    frame #5: 0x0000000150ad59c0 chromadb_rust_bindings.abi3.so`___lldb_unnamed_symbol45699 + 392
    frame #6: 0x0000000150ab7dac chromadb_rust_bindings.abi3.so`___lldb_unnamed_symbol45435 + 404
    frame #7: 0x00000001502f1e84 chromadb_rust_bindings.abi3.so`___lldb_unnamed_symbol27210 + 2584
    frame #8: 0x00000001502edfc4 chromadb_rust_bindings.abi3.so`___lldb_unnamed_symbol27202 + 760
    frame #9: 0x00000001502f581c chromadb_rust_bindings.abi3.so`___lldb_unnamed_symbol27217 + 140
    frame #10: 0x000000015031c15c chromadb_rust_bindings.abi3.so`___lldb_unnamed_symbol27589 + 72
    frame #11: 0x00000001502d3e60 chromadb_rust_bindings.abi3.so`___lldb_unnamed_symbol26879 + 144
    frame #12: 0x0000000150134b20 chromadb_rust_bindings.abi3.so`___lldb_unnamed_symbol24242 + 4768
    frame #13: 0x000000015012227c chromadb_rust_bindings.abi3.so`___lldb_unnamed_symbol24235 + 3676
    frame #14: 0x000000015013e7f0 chromadb_rust_bindings.abi3.so`___lldb_unnamed_symbol24249 + 2908
    frame #15: 0x000000015018112c chromadb_rust_bindings.abi3.so`___lldb_unnamed_symbol24709 + 1364
    frame #16: 0x0000000150282240 chromadb_rust_bindings.abi3.so`___lldb_unnamed_symbol26158 + 484
    frame #17: 0x000000015035032c chromadb_rust_bindings.abi3.so`___lldb_unnamed_symbol28083 + 268
    frame #18: 0x000000015030fd74 chromadb_rust_bindings.abi3.so`___lldb_unnamed_symbol27530 + 1576
    frame #19: 0x0000000150318ec4 chromadb_rust_bindings.abi3.so`___lldb_unnamed_symbol27575 + 1740
    frame #20: 0x0000000150303ffc chromadb_rust_bindings.abi3.so`___lldb_unnamed_symbol27452 + 148
    frame #21: 0x0000000150312458 chromadb_rust_bindings.abi3.so`___lldb_unnamed_symbol27550 + 60
    frame #22: 0x00000001057e5210 libpython3.12.dylib`method_vectorcall_VARARGS_KEYWORDS.llvm.15616684874096364205 + 148
    frame #23: 0x000000010586c848 libpython3.12.dylib`_PyEval_EvalFrameDefault + 161504
    frame #24: 0x0000000105a3b83c libpython3.12.dylib`method_vectorcall.llvm.1905976008390717660 + 308
    frame #25: 0x0000000105870998 libpython3.12.dylib`_PyEval_EvalFrameDefault + 178224
    frame #26: 0x0000000105a5abec libpython3.12.dylib`slot_tp_init + 312
    frame #27: 0x0000000105a58df4 libpython3.12.dylib`type_call + 148
    frame #28: 0x000000010586cbe0 libpython3.12.dylib`_PyEval_EvalFrameDefault + 162424
    frame #29: 0x00000001059063b8 libpython3.12.dylib`PyEval_EvalCode + 244
    frame #30: 0x00000001059061f4 libpython3.12.dylib`run_mod.llvm.15841156785009590489 + 280
    frame #31: 0x0000000105a23088 libpython3.12.dylib`pyrun_file + 148
    frame #32: 0x00000001059a5570 libpython3.12.dylib`_PyRun_SimpleFileObject + 268
    frame #33: 0x00000001060ff168 libpython3.12.dylib`_PyRun_AnyFileObject + 232
    frame #34: 0x0000000105a753fc libpython3.12.dylib`pymain_run_file_obj + 220
    frame #35: 0x00000001059a5294 libpython3.12.dylib`pymain_run_file + 72
    frame #36: 0x00000001059a316c libpython3.12.dylib`Py_RunMain + 748
    frame #37: 0x0000000105a75314 libpython3.12.dylib`Py_BytesMain + 40
    frame #38: 0x000000019d800274 dyld`start + 2840
(lldb) frame info
frame #0: 0x000000019da0660c libdispatch.dylib`_dispatch_sema4_create_slow.cold.6 + 36
(lldb) disassemble --frame
libdispatch.dylib`_dispatch_sema4_create_slow.cold.6:
    0x19da065e8 <+0>:  mov    w8, #0xf                  ; =15 
    0x19da065ec <+4>:  stp    x20, x21, [sp, #-0x10]!
    0x19da065f0 <+8>:  adrp   x20, 6
    0x19da065f4 <+12>: add    x20, x20, #0x28           ; "BUG IN CLIENT OF LIBDISPATCH: Use-after-free of dispatch_semaphore_t or dispatch_group_t"
    0x19da065f8 <+16>: adrp   x21, 403405
    0x19da065fc <+20>: add    x21, x21, #0x878          ; gCRAnnotations
    0x19da06600 <+24>: str    x20, [x21, #0x8]
    0x19da06604 <+28>: str    x8, [x21, #0x38]
    0x19da06608 <+32>: ldp    x20, x21, [sp], #0x10
->  0x19da0660c <+36>: brk    #0x1
(lldb) register read
General Purpose Registers:
        x0 = 0x000000000000000f
        x1 = 0x0000000000000001
        x2 = 0x000000015221c8d8  
        x3 = 0x000000016b9adc40
        x4 = 0x000000016b9ade10
        x5 = 0x0000000000000018
        x6 = 0x0000000000000002
        x7 = 0x0000000000000034
        x8 = 0x000000000000000f
        x9 = 0x0000000000000001
       x10 = 0x0000000000000001
       x11 = 0x0000000000000002
       x12 = 0x0000000000000000
       x13 = 0x0000000000000000
       x14 = 0x00000000ffffffff
       x15 = 0x000000005800003f
       x16 = 0xffffffffffffffdf
       x17 = 0x000000020a4988c0
       x18 = 0x0000000000000000
       x19 = 0x0000000000000001
       x20 = 0x000000014c51f860
       x21 = 0x000000016b9ade18
       x22 = 0x000000012c3528e8
       x23 = 0x000000016b9adad0
       x24 = 0x000000016b9adbc0
       x25 = 0x0000000000000003
       x26 = 0x0000000000000008
       x27 = 0x000000015221c8d8  
       x28 = 0x00000001522446c8  
        fp = 0x000000016b9ada90
        lr = 0x000000019d9d0bd4  libdispatch.dylib`_dispatch_sema4_signal + 80
        sp = 0x000000016b9ada80
        pc = 0x000000019da0660c  libdispatch.dylib`_dispatch_sema4_create_slow.cold.6 + 36
      cpsr = 0x60001000

(lldb) # Quit
(lldb) quit
```